C:\USERS\AMIRULAZMI\DOWNLOADS\AR\OSGART-FILES\OSGART\VISUALSTUDIO\COLLIDE\DEBUG\OSGARTCOLLIDE.OBJ
C:\USERS\AMIRULAZMI\DOWNLOADS\AR\OSGART-FILES\OSGART\VISUALSTUDIO\COLLIDE\DEBUG\VC110.PDB
C:\USERS\AMIRULAZMI\DESKTOP\COLLIDE\DEBUG\VC110.PDB
C:\USERS\AMIRULAZMI\DESKTOP\COLLIDE\DEBUG\OSGARTCOLLIDE.OBJ
C:\USERS\AMIRULAZMI\DOWNLOADS\AR\OSGART-FILES\OSGART\VISUALSTUDIO\COLLIDE\DEBUG\COLLIDE.ILK
C:\USERS\AMIRULAZMI\DOWNLOADS\AR\OSGART-FILES\OSGART\VISUALSTUDIO\COLLIDE\DEBUG\COLLIDE.EXE
C:\USERS\AMIRULAZMI\DOWNLOADS\AR\OSGART-FILES\OSGART\VISUALSTUDIO\COLLIDE\DEBUG\COLLIDE.PDB
C:\USERS\AMIRULAZMI\DESKTOP\COLLIDE\DEBUG\COLLIDE.ILK
C:\USERS\AMIRULAZMI\DESKTOP\COLLIDE\DEBUG\COLLIDE.EXE
C:\USERS\AMIRULAZMI\DESKTOP\COLLIDE\DEBUG\COLLIDE.PDB
C:\Users\AmirulAzmi\Desktop\collide\Debug\osgARTcollide.obj
C:\Users\AmirulAzmi\Desktop\collide\Debug\collide.ilk
C:\Users\AmirulAzmi\Desktop\collide\Debug\cl.command.1.tlog
C:\Users\AmirulAzmi\Desktop\collide\Debug\CL.read.1.tlog
C:\Users\AmirulAzmi\Desktop\collide\Debug\CL.write.1.tlog
C:\Users\AmirulAzmi\Desktop\collide\Debug\link-cvtres.read.1.tlog
C:\Users\AmirulAzmi\Desktop\collide\Debug\link-cvtres.write.1.tlog
C:\Users\AmirulAzmi\Desktop\collide\Debug\link-rc.read.1.tlog
C:\Users\AmirulAzmi\Desktop\collide\Debug\link-rc.write.1.tlog
C:\Users\AmirulAzmi\Desktop\collide\Debug\link.command.1.tlog
C:\Users\AmirulAzmi\Desktop\collide\Debug\link.read.1.tlog
C:\Users\AmirulAzmi\Desktop\collide\Debug\link.write.1.tlog
C:\Users\AmirulAzmi\Desktop\collide\Debug\vc110.idb
C:\Users\AmirulAzmi\Desktop\collide\Debug\collide.pdb
C:\Users\AmirulAzmi\Desktop\collide\Debug\vc110.pdb
